[2024-05-12T16:52:56.917+0000] {local_task_job_runner.py:120} INFO - ::group::Pre task execution logs
[2024-05-12T16:52:56.936+0000] {taskinstance.py:2076} INFO - Dependencies all met for dep_context=non-requeueable deps ti=<TaskInstance: web_article_scraping.transform_and_load manual__2024-05-12T16:42:40.762770+00:00 [queued]>
[2024-05-12T16:52:56.942+0000] {taskinstance.py:2076} INFO - Dependencies all met for dep_context=requeueable deps ti=<TaskInstance: web_article_scraping.transform_and_load manual__2024-05-12T16:42:40.762770+00:00 [queued]>
[2024-05-12T16:52:56.943+0000] {taskinstance.py:2306} INFO - Starting attempt 1 of 1
[2024-05-12T16:52:56.953+0000] {taskinstance.py:2330} INFO - Executing <Task(PythonOperator): transform_and_load> on 2024-05-12 16:42:40.762770+00:00
[2024-05-12T16:52:56.960+0000] {warnings.py:110} WARNING - /home/***/.local/lib/python3.12/site-packages/***/task/task_runner/standard_task_runner.py:61: DeprecationWarning: This process (pid=561) is multi-threaded, use of fork() may lead to deadlocks in the child.
  pid = os.fork()

[2024-05-12T16:52:56.961+0000] {standard_task_runner.py:90} INFO - Running: ['***', 'tasks', 'run', 'web_article_scraping', 'transform_and_load', 'manual__2024-05-12T16:42:40.762770+00:00', '--job-id', '164', '--raw', '--subdir', 'DAGS_FOLDER/mlops_dag.py', '--cfg-path', '/tmp/tmp0pdn4l0s']
[2024-05-12T16:52:56.961+0000] {standard_task_runner.py:63} INFO - Started process 563 to run task
[2024-05-12T16:52:56.962+0000] {standard_task_runner.py:91} INFO - Job 164: Subtask transform_and_load
[2024-05-12T16:52:57.002+0000] {task_command.py:426} INFO - Running <TaskInstance: web_article_scraping.transform_and_load manual__2024-05-12T16:42:40.762770+00:00 [running]> on host e6e483b741f2
[2024-05-12T16:52:57.062+0000] {taskinstance.py:2648} INFO - Exporting env vars: AIRFLOW_CTX_DAG_OWNER='***' AIRFLOW_CTX_DAG_ID='web_article_scraping' AIRFLOW_CTX_TASK_ID='transform_and_load' AIRFLOW_CTX_EXECUTION_DATE='2024-05-12T16:42:40.762770+00:00' AIRFLOW_CTX_TRY_NUMBER='1' AIRFLOW_CTX_DAG_RUN_ID='manual__2024-05-12T16:42:40.762770+00:00'
[2024-05-12T16:52:57.064+0000] {taskinstance.py:430} INFO - ::endgroup::
[2024-05-12T16:52:57.065+0000] {taskinstance.py:441} INFO - ::group::Post task execution logs
[2024-05-12T16:52:57.065+0000] {taskinstance.py:2905} ERROR - Task failed with exception
Traceback (most recent call last):
  File "/home/airflow/.local/lib/python3.12/site-packages/airflow/models/taskinstance.py", line 465, in _execute_task
    result = _execute_callable(context=context, **execute_callable_kwargs)
             ^^^^^^^^^^^^^^^^^^^^^^^^^^^^^^^^^^^^^^^^^^^^^^^^^^^^^^^^^^^^^
  File "/home/airflow/.local/lib/python3.12/site-packages/airflow/models/taskinstance.py", line 432, in _execute_callable
    return execute_callable(context=context, **execute_callable_kwargs)
           ^^^^^^^^^^^^^^^^^^^^^^^^^^^^^^^^^^^^^^^^^^^^^^^^^^^^^^^^^^^^
  File "/home/airflow/.local/lib/python3.12/site-packages/airflow/models/baseoperator.py", line 400, in wrapper
    return func(self, *args, **kwargs)
           ^^^^^^^^^^^^^^^^^^^^^^^^^^^
  File "/home/airflow/.local/lib/python3.12/site-packages/airflow/operators/python.py", line 235, in execute
    return_value = self.execute_callable()
                   ^^^^^^^^^^^^^^^^^^^^^^^
  File "/home/airflow/.local/lib/python3.12/site-packages/airflow/operators/python.py", line 252, in execute_callable
    return self.python_callable(*self.op_args, **self.op_kwargs)
           ^^^^^^^^^^^^^^^^^^^^^^^^^^^^^^^^^^^^^^^^^^^^^^^^^^^^^
TypeError: transform_and_load() missing 1 required positional argument: 'articles'
[2024-05-12T16:52:57.074+0000] {taskinstance.py:1206} INFO - Marking task as FAILED. dag_id=web_article_scraping, task_id=transform_and_load, run_id=manual__2024-05-12T16:42:40.762770+00:00, execution_date=20240512T164240, start_date=20240512T165256, end_date=20240512T165257
[2024-05-12T16:52:57.082+0000] {standard_task_runner.py:110} ERROR - Failed to execute job 164 for task transform_and_load (transform_and_load() missing 1 required positional argument: 'articles'; 563)
[2024-05-12T16:52:57.095+0000] {local_task_job_runner.py:240} INFO - Task exited with return code 1
[2024-05-12T16:52:57.115+0000] {taskinstance.py:3498} INFO - 0 downstream tasks scheduled from follow-on schedule check
[2024-05-12T16:52:57.119+0000] {local_task_job_runner.py:222} INFO - ::endgroup::
